<?xml version="1.0" encoding="UTF-8"?>
<testsuites tests="8" failures="0" disabled="0" errors="0" timestamp="2017-03-10T15:48:33" time="0.015" name="AllTests">
  <testsuite name="ParserTest" tests="4" failures="0" disabled="0" errors="0" time="0.001">
    <testcase name="firstLineParsingShouldReturnExpectedCsv" status="run" time="0.001" classname="ParserTest" />
    <testcase name="otherLineParsingShouldReturnCorrectCsv" status="run" time="0" classname="ParserTest" />
    <testcase name="firstLineShouldBeUsedTOGetCorrectFileName" status="run" time="0" classname="ParserTest" />
    <testcase name="emptyFirstLineShouldReturnNullString" status="run" time="0" classname="ParserTest" />
  </testsuite>
  <testsuite name="DatabaseTest" tests="4" failures="0" disabled="0" errors="0" time="0.014">
    <testcase name="successfulDbCreationShouldReturnZero" status="run" time="0.006" classname="DatabaseTest" />
    <testcase name="successfulTableCreationShouldReturn100" status="run" time="0.002" classname="DatabaseTest" />
    <testcase name="correctInsertionShouldReturnDone" status="run" time="0.004" classname="DatabaseTest" />
    <testcase name="incorrectInsertionShouldReturnError" status="run" time="0.002" classname="DatabaseTest" />
  </testsuite>
</testsuites>
